{"/Users/noaross/Documents/TypeScript/KoboldKiller/dice.js": {"path":"/Users/noaross/Documents/TypeScript/KoboldKiller/dice.js","statementMap":{"0":{"start":{"line":2,"column":0},"end":{"line":2,"column":62}},"1":{"start":{"line":3,"column":0},"end":{"line":3,"column":63}},"2":{"start":{"line":5,"column":0},"end":{"line":13,"column":47}},"3":{"start":{"line":6,"column":4},"end":{"line":6,"column":32}},"4":{"start":{"line":7,"column":4},"end":{"line":7,"column":32}},"5":{"start":{"line":8,"column":4},"end":{"line":8,"column":32}},"6":{"start":{"line":9,"column":4},"end":{"line":9,"column":35}},"7":{"start":{"line":10,"column":4},"end":{"line":10,"column":35}},"8":{"start":{"line":11,"column":4},"end":{"line":11,"column":35}},"9":{"start":{"line":12,"column":4},"end":{"line":12,"column":38}},"10":{"start":{"line":15,"column":4},"end":{"line":15,"column":50}},"11":{"start":{"line":17,"column":0},"end":{"line":17,"column":20}},"12":{"start":{"line":20,"column":4},"end":{"line":20,"column":25}},"13":{"start":{"line":21,"column":4},"end":{"line":21,"column":26}},"14":{"start":{"line":22,"column":4},"end":{"line":22,"column":61}},"15":{"start":{"line":24,"column":0},"end":{"line":24,"column":42}}},"fnMap":{"0":{"name":"(anonymous_0)","decl":{"start":{"line":5,"column":1},"end":{"line":5,"column":2}},"loc":{"start":{"line":5,"column":17},"end":{"line":13,"column":1}},"line":5},"1":{"name":"roll","decl":{"start":{"line":14,"column":9},"end":{"line":14,"column":13}},"loc":{"start":{"line":14,"column":28},"end":{"line":16,"column":1}},"line":14},"2":{"name":"getRandomNumber","decl":{"start":{"line":18,"column":9},"end":{"line":18,"column":24}},"loc":{"start":{"line":18,"column":35},"end":{"line":23,"column":1}},"line":18}},"branchMap":{"0":{"loc":{"start":{"line":13,"column":10},"end":{"line":13,"column":45}},"type":"binary-expr","locations":[{"start":{"line":13,"column":10},"end":{"line":13,"column":22}},{"start":{"line":13,"column":27},"end":{"line":13,"column":44}}],"line":13}},"s":{"0":2,"1":2,"2":2,"3":2,"4":2,"5":2,"6":2,"7":2,"8":2,"9":2,"10":4,"11":2,"12":4,"13":4,"14":4,"15":2},"f":{"0":2,"1":4,"2":4},"b":{"0":[2,2]},"inputSourceMap":null,"_coverageSchema":"1a1c01bbd47fc00a2c39e90264f33305004495a9","hash":"da28d1451a5ed7824a8e9c76c8f92b9a60321a2d"}
,"/Users/noaross/Documents/TypeScript/KoboldKiller/models.js": {"path":"/Users/noaross/Documents/TypeScript/KoboldKiller/models.js","statementMap":{"0":{"start":{"line":2,"column":0},"end":{"line":2,"column":62}},"1":{"start":{"line":3,"column":0},"end":{"line":3,"column":104}},"2":{"start":{"line":4,"column":15},"end":{"line":4,"column":32}},"3":{"start":{"line":6,"column":0},"end":{"line":13,"column":56}},"4":{"start":{"line":7,"column":4},"end":{"line":7,"column":40}},"5":{"start":{"line":8,"column":4},"end":{"line":8,"column":40}},"6":{"start":{"line":9,"column":4},"end":{"line":9,"column":40}},"7":{"start":{"line":10,"column":4},"end":{"line":10,"column":40}},"8":{"start":{"line":11,"column":4},"end":{"line":11,"column":40}},"9":{"start":{"line":12,"column":4},"end":{"line":12,"column":40}},"10":{"start":{"line":16,"column":8},"end":{"line":16,"column":25}},"11":{"start":{"line":17,"column":8},"end":{"line":17,"column":29}},"12":{"start":{"line":18,"column":8},"end":{"line":18,"column":27}},"13":{"start":{"line":19,"column":8},"end":{"line":19,"column":33}},"14":{"start":{"line":20,"column":8},"end":{"line":20,"column":29}},"15":{"start":{"line":21,"column":8},"end":{"line":21,"column":29}},"16":{"start":{"line":24,"column":0},"end":{"line":24,"column":22}},"17":{"start":{"line":27,"column":8},"end":{"line":27,"column":28}},"18":{"start":{"line":28,"column":8},"end":{"line":28,"column":25}},"19":{"start":{"line":29,"column":8},"end":{"line":29,"column":25}},"20":{"start":{"line":30,"column":8},"end":{"line":30,"column":115}},"21":{"start":{"line":33,"column":8},"end":{"line":33,"column":33}},"22":{"start":{"line":34,"column":8},"end":{"line":38,"column":9}},"23":{"start":{"line":35,"column":12},"end":{"line":35,"column":31}},"24":{"start":{"line":36,"column":12},"end":{"line":36,"column":33}},"25":{"start":{"line":37,"column":12},"end":{"line":37,"column":54}},"26":{"start":{"line":41,"column":0},"end":{"line":41,"column":30}},"27":{"start":{"line":44,"column":8},"end":{"line":44,"column":68}},"28":{"start":{"line":45,"column":8},"end":{"line":45,"column":39}},"29":{"start":{"line":46,"column":8},"end":{"line":46,"column":35}},"30":{"start":{"line":49,"column":8},"end":{"line":53,"column":9}},"31":{"start":{"line":50,"column":25},"end":{"line":50,"column":74}},"32":{"start":{"line":51,"column":12},"end":{"line":51,"column":82}},"33":{"start":{"line":52,"column":12},"end":{"line":52,"column":38}},"34":{"start":{"line":56,"column":0},"end":{"line":56,"column":24}},"35":{"start":{"line":58,"column":17},"end":{"line":58,"column":18}},"36":{"start":{"line":59,"column":4},"end":{"line":61,"column":5}},"37":{"start":{"line":60,"column":8},"end":{"line":60,"column":69}},"38":{"start":{"line":62,"column":4},"end":{"line":62,"column":59}},"39":{"start":{"line":63,"column":4},"end":{"line":63,"column":18}},"40":{"start":{"line":65,"column":0},"end":{"line":65,"column":42}},"41":{"start":{"line":67,"column":17},"end":{"line":67,"column":18}},"42":{"start":{"line":68,"column":21},"end":{"line":68,"column":55}},"43":{"start":{"line":69,"column":4},"end":{"line":71,"column":5}},"44":{"start":{"line":70,"column":8},"end":{"line":70,"column":27}},"45":{"start":{"line":72,"column":4},"end":{"line":72,"column":18}}},"fnMap":{"0":{"name":"(anonymous_0)","decl":{"start":{"line":6,"column":1},"end":{"line":6,"column":2}},"loc":{"start":{"line":6,"column":20},"end":{"line":13,"column":1}},"line":6},"1":{"name":"(anonymous_1)","decl":{"start":{"line":15,"column":4},"end":{"line":15,"column":5}},"loc":{"start":{"line":15,"column":63},"end":{"line":22,"column":5}},"line":15},"2":{"name":"(anonymous_2)","decl":{"start":{"line":26,"column":4},"end":{"line":26,"column":5}},"loc":{"start":{"line":26,"column":70},"end":{"line":31,"column":5}},"line":26},"3":{"name":"(anonymous_3)","decl":{"start":{"line":32,"column":4},"end":{"line":32,"column":5}},"loc":{"start":{"line":32,"column":23},"end":{"line":39,"column":5}},"line":32},"4":{"name":"(anonymous_4)","decl":{"start":{"line":43,"column":4},"end":{"line":43,"column":5}},"loc":{"start":{"line":43,"column":94},"end":{"line":47,"column":5}},"line":43},"5":{"name":"(anonymous_5)","decl":{"start":{"line":48,"column":4},"end":{"line":48,"column":5}},"loc":{"start":{"line":48,"column":29},"end":{"line":54,"column":5}},"line":48},"6":{"name":"calculateDamage","decl":{"start":{"line":57,"column":9},"end":{"line":57,"column":24}},"loc":{"start":{"line":57,"column":48},"end":{"line":64,"column":1}},"line":57},"7":{"name":"getModifier","decl":{"start":{"line":66,"column":9},"end":{"line":66,"column":20}},"loc":{"start":{"line":66,"column":53},"end":{"line":73,"column":1}},"line":66}},"branchMap":{"0":{"loc":{"start":{"line":13,"column":13},"end":{"line":13,"column":54}},"type":"binary-expr","locations":[{"start":{"line":13,"column":13},"end":{"line":13,"column":28}},{"start":{"line":13,"column":33},"end":{"line":13,"column":53}}],"line":13},"1":{"loc":{"start":{"line":34,"column":8},"end":{"line":38,"column":9}},"type":"if","locations":[{"start":{"line":34,"column":8},"end":{"line":38,"column":9}},{"start":{},"end":{}}],"line":34},"2":{"loc":{"start":{"line":49,"column":8},"end":{"line":53,"column":9}},"type":"if","locations":[{"start":{"line":49,"column":8},"end":{"line":53,"column":9}},{"start":{},"end":{}}],"line":49},"3":{"loc":{"start":{"line":59,"column":4},"end":{"line":61,"column":5}},"type":"if","locations":[{"start":{"line":59,"column":4},"end":{"line":61,"column":5}},{"start":{},"end":{}}],"line":59},"4":{"loc":{"start":{"line":59,"column":8},"end":{"line":59,"column":47}},"type":"binary-expr","locations":[{"start":{"line":59,"column":8},"end":{"line":59,"column":30}},{"start":{"line":59,"column":34},"end":{"line":59,"column":47}}],"line":59},"5":{"loc":{"start":{"line":69,"column":4},"end":{"line":71,"column":5}},"type":"if","locations":[{"start":{"line":69,"column":4},"end":{"line":71,"column":5}},{"start":{},"end":{}}],"line":69},"6":{"loc":{"start":{"line":69,"column":8},"end":{"line":69,"column":33}},"type":"binary-expr","locations":[{"start":{"line":69,"column":8},"end":{"line":69,"column":21}},{"start":{"line":69,"column":25},"end":{"line":69,"column":33}}],"line":69}},"s":{"0":2,"1":2,"2":2,"3":2,"4":2,"5":2,"6":2,"7":2,"8":2,"9":2,"10":0,"11":0,"12":0,"13":0,"14":0,"15":0,"16":2,"17":0,"18":0,"19":0,"20":0,"21":0,"22":0,"23":0,"24":0,"25":0,"26":2,"27":0,"28":0,"29":0,"30":0,"31":0,"32":0,"33":0,"34":2,"35":4,"36":4,"37":0,"38":4,"39":4,"40":2,"41":0,"42":0,"43":0,"44":0,"45":0},"f":{"0":2,"1":0,"2":0,"3":0,"4":0,"5":0,"6":4,"7":0},"b":{"0":[2,2],"1":[0,0],"2":[0,0],"3":[0,4],"4":[4,0],"5":[0,0],"6":[0,0]},"inputSourceMap":null,"_coverageSchema":"1a1c01bbd47fc00a2c39e90264f33305004495a9","hash":"a8a779ebc12b2ed6cd11abb866404b6cf5ff26d5"}
}
