TN:
SF:dice.js
FN:5,(anonymous_0)
FN:14,roll
FN:18,getRandomNumber
FNF:3
FNH:3
FNDA:2,(anonymous_0)
FNDA:4,roll
FNDA:4,getRandomNumber
DA:2,2
DA:3,2
DA:5,2
DA:6,2
DA:7,2
DA:8,2
DA:9,2
DA:10,2
DA:11,2
DA:12,2
DA:15,4
DA:17,2
DA:20,4
DA:21,4
DA:22,4
DA:24,2
LF:16
LH:16
BRDA:13,0,0,2
BRDA:13,0,1,2
BRF:2
BRH:2
end_of_record
TN:
SF:models.js
FN:6,(anonymous_0)
FN:15,(anonymous_1)
FN:26,(anonymous_2)
FN:32,(anonymous_3)
FN:43,(anonymous_4)
FN:48,(anonymous_5)
FN:57,calculateDamage
FN:66,getModifier
FNF:8
FNH:2
FNDA:2,(anonymous_0)
FNDA:0,(anonymous_1)
FNDA:0,(anonymous_2)
FNDA:0,(anonymous_3)
FNDA:0,(anonymous_4)
FNDA:0,(anonymous_5)
FNDA:4,calculateDamage
FNDA:0,getModifier
DA:2,2
DA:3,2
DA:4,2
DA:6,2
DA:7,2
DA:8,2
DA:9,2
DA:10,2
DA:11,2
DA:12,2
DA:16,0
DA:17,0
DA:18,0
DA:19,0
DA:20,0
DA:21,0
DA:24,2
DA:27,0
DA:28,0
DA:29,0
DA:30,0
DA:33,0
DA:34,0
DA:35,0
DA:36,0
DA:37,0
DA:41,2
DA:44,0
DA:45,0
DA:46,0
DA:49,0
DA:50,0
DA:51,0
DA:52,0
DA:56,2
DA:58,4
DA:59,4
DA:60,0
DA:62,4
DA:63,4
DA:65,2
DA:67,0
DA:68,0
DA:69,0
DA:70,0
DA:72,0
LF:46
LH:18
BRDA:13,0,0,2
BRDA:13,0,1,2
BRDA:34,1,0,0
BRDA:34,1,1,0
BRDA:49,2,0,0
BRDA:49,2,1,0
BRDA:59,3,0,0
BRDA:59,3,1,4
BRDA:59,4,0,4
BRDA:59,4,1,0
BRDA:69,5,0,0
BRDA:69,5,1,0
BRDA:69,6,0,0
BRDA:69,6,1,0
BRF:14
BRH:4
end_of_record
